#
# There is insufficient memory for the Java Runtime Environment to continue.
# Native memory allocation (mmap) failed to map 132120576 bytes for G1 virtual space
# Possible reasons:
#   The system is out of physical RAM or swap space
#   The process is running with CompressedOops enabled, and the Java Heap may be blocking the growth of the native heap
# Possible solutions:
#   Reduce memory load on the system
#   Increase physical memory or swap space
#   Check if swap backing store is full
#   Decrease Java heap size (-Xmx/-Xms)
#   Decrease number of Java threads
#   Decrease Java thread stack sizes (-Xss)
#   Set larger code cache with -XX:ReservedCodeCacheSize=
#   JVM is running with Unscaled Compressed Oops mode in which the Java heap is
#     placed in the first 4GB address space. The Java Heap base address is the
#     maximum limit for the native heap growth. Please use -XX:HeapBaseMinAddress
#     to set the Java Heap base and to place the Java Heap above 4GB virtual address.
# This output file may be truncated or incomplete.
#
#  Out of Memory Error (./open/src/hotspot/os/windows/os_windows.cpp:3472), pid=15148, tid=11952
#
# JRE version:  (15.0.1+9) (build )
# Java VM: Java HotSpot(TM) 64-Bit Server VM (15.0.1+9-18, mixed mode, sharing, tiered, compressed oops, g1 gc, windows-amd64)
# No core dump will be written. Minidumps are not enabled by default on client versions of Windows
#

---------------  S U M M A R Y ------------

Command Line: -Dfile.encoding=UTF-8 es.LightningOpal.Astral_Knock_Out.AKO_Server

Host: Intel(R) Core(TM) i5-7200U CPU @ 2.50GHz, 4 cores, 7G,  Windows 10 , 64 bit Build 18362 (10.0.18362.1110)
Time: Sun Nov  8 20:03:43 2020 Hora estándar romance elapsed time: 0.074167 seconds (0d 0h 0m 0s)

---------------  T H R E A D  ---------------

Current thread (0x0000024545f6e580):  JavaThread "Unknown thread" [_thread_in_vm, id=11952, stack(0x00000063d9900000,0x00000063d9a00000)]

Stack: [0x00000063d9900000,0x00000063d9a00000]
Native frames: (J=compiled Java code, j=interpreted, Vv=VM code, C=native code)
V  [jvm.dll+0x62ae9a]
V  [jvm.dll+0x781389]
V  [jvm.dll+0x782ae3]
V  [jvm.dll+0x783143]
V  [jvm.dll+0x216265]
V  [jvm.dll+0x6281d9]
V  [jvm.dll+0x61cd15]
V  [jvm.dll+0x2d01fd]
V  [jvm.dll+0x2d0062]
V  [jvm.dll+0x2d603c]
V  [jvm.dll+0x325b2a]
V  [jvm.dll+0x3251f4]
V  [jvm.dll+0x2a717a]
V  [jvm.dll+0x2a8318]
V  [jvm.dll+0x75e101]
V  [jvm.dll+0x3343e4]
V  [jvm.dll+0x73e826]
V  [jvm.dll+0x3b7777]
V  [jvm.dll+0x3b9201]
C  [jli.dll+0x52fb]
C  [ucrtbase.dll+0x210b2]
C  [KERNEL32.DLL+0x17c24]
C  [ntdll.dll+0x6cea1]


---------------  P R O C E S S  ---------------

Threads class SMR info:
_java_thread_list=0x00007ffd915a4ff0, length=0, elements={
}

Java Threads: ( => current thread )

Other Threads:
  0x0000024545fad270 GCTaskThread "GC Thread#0" [stack: 0x00000063d9a00000,0x00000063d9b00000] [id=388]
  0x0000024545fbede0 ConcurrentGCThread "G1 Main Marker" [stack: 0x00000063d9b00000,0x00000063d9c00000] [id=18304]
  0x0000024545fc0080 ConcurrentGCThread "G1 Conc#0" [stack: 0x00000063d9c00000,0x00000063d9d00000] [id=11260]

[error occurred during error reporting (printing all threads), id 0xc0000005, EXCEPTION_ACCESS_VIOLATION (0xc0000005) at pc=0x00007ffd90d98047]

VM state: not at safepoint (not fully initialized)

VM Mutex/Monitor currently owned by a thread:  ([mutex/lock_event])
[0x0000024545f69cf0] Heap_lock - owner thread: 0x0000024545f6e580

Heap address: 0x0000000082800000, size: 2008 MB, Compressed Oops mode: 32-bit
CDS archive(s) mapped at: [0x0000000000000000-0x0000000000000000-0x0000000000000000), size 0, SharedBaseAddress: 0x0000000800000000, ArchiveRelocationMode: 0.
Narrow klass base: 0x0000000000000000, Narrow klass shift: 0, Narrow klass range: 0x0

Heap:
 garbage-first heap   total 129024K, used 0K [0x0000000082800000, 0x0000000100000000)
  region size 1024K, 0 young (0K), 0 survivors (0K)
 Metaspace       used 0K, capacity 0K, committed 0K, reserved 0K
  class space    used 0K, capacity 0K, committed 0K, reserved 0K

Heap Regions: E=young(eden), S=young(survivor), O=old, HS=humongous(starts), HC=humongous(continues), CS=collection set, F=free, OA=open archive, CA=closed archive, TAMS=top-at-mark-start (previous, next)

Card table byte_map: [0x000002455d580000,0x000002455d970000] _byte_map_base: 0x000002455d16c000

Marking Bits (Prev, Next): (CMBitMap*) 0x0000024545fae980, (CMBitMap*) 0x0000024545fae9c0
 Prev Bits: [0x000002455dd60000, 0x000002455fcc0000)
 Next Bits: [0x000002455fcc0000, 0x0000024561c20000)

GC Heap History (0 events):
No events

Deoptimization events (0 events):
No events

Classes unloaded (0 events):
No events

Classes redefined (0 events):
No events

Internal exceptions (0 events):
No events

Events (1 events):
Event: 0.008 Loaded shared library D:\Program Files\Java\jdk-15.0.1\bin\java.dll


Dynamic libraries:
0x00007ff74fe90000 - 0x00007ff74fe9f000 	D:\Program Files\Java\jdk-15.0.1\bin\java.exe
0x00007ffddd460000 - 0x00007ffddd650000 	C:\Windows\SYSTEM32\ntdll.dll
0x00007ffddc8d0000 - 0x00007ffddc982000 	C:\Windows\System32\KERNEL32.DLL
0x00007ffdda560000 - 0x00007ffdda805000 	C:\Windows\System32\KERNELBASE.dll
0x00007ffdda810000 - 0x00007ffdda90a000 	C:\Windows\System32\ucrtbase.dll
0x00007ffdd0050000 - 0x00007ffdd0069000 	D:\Program Files\Java\jdk-15.0.1\bin\VCRUNTIME140.dll
0x00007ffdd0e80000 - 0x00007ffdd0e98000 	D:\Program Files\Java\jdk-15.0.1\bin\jli.dll
0x00007ffddcb40000 - 0x00007ffddcbe3000 	C:\Windows\System32\ADVAPI32.dll
0x00007ffddcc50000 - 0x00007ffddccee000 	C:\Windows\System32\msvcrt.dll
0x00007ffddd150000 - 0x00007ffddd1e7000 	C:\Windows\System32\sechost.dll
0x00007ffddce20000 - 0x00007ffddcf40000 	C:\Windows\System32\RPCRT4.dll
0x00007ffddcf40000 - 0x00007ffddd0d4000 	C:\Windows\System32\USER32.dll
0x00007ffddb090000 - 0x00007ffddb0b1000 	C:\Windows\System32\win32u.dll
0x00007ffdc9660000 - 0x00007ffdc98e4000 	C:\Windows\WinSxS\amd64_microsoft.windows.common-controls_6595b64144ccf1df_6.0.18362.1139_none_9e7bf2d3e4605ac6\COMCTL32.dll
0x00007ffddbbc0000 - 0x00007ffddbbe6000 	C:\Windows\System32\GDI32.dll
0x00007ffddc590000 - 0x00007ffddc8c5000 	C:\Windows\System32\combase.dll
0x00007ffddb0c0000 - 0x00007ffddb256000 	C:\Windows\System32\gdi32full.dll
0x00007ffddb4f0000 - 0x00007ffddb570000 	C:\Windows\System32\bcryptPrimitives.dll
0x00007ffddb260000 - 0x00007ffddb2fe000 	C:\Windows\System32\msvcp_win.dll
0x00007ffdd2db0000 - 0x00007ffdd2dba000 	C:\Windows\SYSTEM32\VERSION.dll
0x00007ffddc9d0000 - 0x00007ffddc9fe000 	C:\Windows\System32\IMM32.DLL
0x00007ffdd5ff0000 - 0x00007ffdd5ffc000 	D:\Program Files\Java\jdk-15.0.1\bin\vcruntime140_1.dll
0x00007ffda5c60000 - 0x00007ffda5cf1000 	D:\Program Files\Java\jdk-15.0.1\bin\msvcp140.dll
0x00007ffd90ae0000 - 0x00007ffd9163e000 	D:\Program Files\Java\jdk-15.0.1\bin\server\jvm.dll
0x00007ffddc9c0000 - 0x00007ffddc9c8000 	C:\Windows\System32\PSAPI.DLL
0x00007ffdd7a60000 - 0x00007ffdd7a84000 	C:\Windows\SYSTEM32\WINMM.dll
0x00007ffdd1940000 - 0x00007ffdd1949000 	C:\Windows\SYSTEM32\WSOCK32.dll
0x00007ffddd3b0000 - 0x00007ffddd41f000 	C:\Windows\System32\WS2_32.dll
0x00007ffdd7a30000 - 0x00007ffdd7a5d000 	C:\Windows\SYSTEM32\winmmbase.dll
0x00007ffddb300000 - 0x00007ffddb34a000 	C:\Windows\System32\cfgmgr32.dll
0x00007ffdda390000 - 0x00007ffdda3a1000 	C:\Windows\System32\kernel.appcore.dll
0x00007ffdd5da0000 - 0x00007ffdd5daa000 	D:\Program Files\Java\jdk-15.0.1\bin\jimage.dll
0x00007ffdd8d60000 - 0x00007ffdd8f54000 	C:\Windows\SYSTEM32\DBGHELP.DLL
0x00007ffdc24c0000 - 0x00007ffdc24ea000 	C:\Windows\SYSTEM32\dbgcore.DLL
0x00007ffdcf1e0000 - 0x00007ffdcf205000 	D:\Program Files\Java\jdk-15.0.1\bin\java.dll

dbghelp: loaded successfully - version: 4.0.5 - missing functions: none
symbol engine: initialized successfully - sym options: 0x614 - pdb path: .;D:\Program Files\Java\jdk-15.0.1\bin;C:\Windows\SYSTEM32;C:\Windows\WinSxS\amd64_microsoft.windows.common-controls_6595b64144ccf1df_6.0.18362.1139_none_9e7bf2d3e4605ac6;D:\Program Files\Java\jdk-15.0.1\bin\server

VM Arguments:
jvm_args: -Dfile.encoding=UTF-8 
java_command: es.LightningOpal.Astral_Knock_Out.AKO_Server
java_class_path (initial): D:\Samue\Documents\GitHub\Juegos-para-Web-y-Redes-Sociales---JS\target\classes;C:\Users\Samue\.m2\repository\org\springframework\boot\spring-boot-starter-websocket\2.3.4.RELEASE\spring-boot-starter-websocket-2.3.4.RELEASE.jar;C:\Users\Samue\.m2\repository\org\springframework\boot\spring-boot-starter-web\2.3.4.RELEASE\spring-boot-starter-web-2.3.4.RELEASE.jar;C:\Users\Samue\.m2\repository\org\springframework\boot\spring-boot-starter\2.3.4.RELEASE\spring-boot-starter-2.3.4.RELEASE.jar;C:\Users\Samue\.m2\repository\org\springframework\boot\spring-boot\2.3.4.RELEASE\spring-boot-2.3.4.RELEASE.jar;C:\Users\Samue\.m2\repository\org\springframework\boot\spring-boot-autoconfigure\2.3.4.RELEASE\spring-boot-autoconfigure-2.3.4.RELEASE.jar;C:\Users\Samue\.m2\repository\org\springframework\boot\spring-boot-starter-logging\2.3.4.RELEASE\spring-boot-starter-logging-2.3.4.RELEASE.jar;C:\Users\Samue\.m2\repository\ch\qos\logback\logback-classic\1.2.3\logback-classic-1.2.3.jar;C:\Users\Samue\.m2\repository\ch\qos\logback\logback-core\1.2.3\logback-core-1.2.3.jar;C:\Users\Samue\.m2\repository\org\slf4j\slf4j-api\1.7.30\slf4j-api-1.7.30.jar;C:\Users\Samue\.m2\repository\org\apache\logging\log4j\log4j-to-slf4j\2.13.3\log4j-to-slf4j-2.13.3.jar;C:\Users\Samue\.m2\repository\org\apache\logging\log4j\log4j-api\2.13.3\log4j-api-2.13.3.jar;C:\Users\Samue\.m2\repository\org\slf4j\jul-to-slf4j\1.7.30\jul-to-slf4j-1.7.30.jar;C:\Users\Samue\.m2\repository\jakarta\annotation\jakarta.annotation-api\1.3.5\jakarta.annotation-api-1.3.5.jar;C:\Users\Samue\.m2\repository\org\yaml\snakeyaml\1.26\snakeyaml-1.26.jar;C:\Users\Samue\.m2\repository\org\springframework\boot\spring-boot-starter-json\2.3.4.RELEASE\spring-boot-starter-json-2.3.4.RELEASE.jar;C:\Users\Samue\.m2\repository\com\fasterxml\jackson\core\jackson-databind\2.11.2\jackson-databind-2.11.2.jar;C:\Users\Samue\.m2\repository\com\fasterxml\jackson\core\jackson-annotations\2.11.2\jackson-annotations-2.11.2.jar;C:\User
Launcher Type: SUN_STANDARD

[Global flags]
     intx CICompilerCount                          = 3                                         {product} {ergonomic}
     uint ConcGCThreads                            = 1                                         {product} {ergonomic}
     uint G1ConcRefinementThreads                  = 4                                         {product} {ergonomic}
   size_t G1HeapRegionSize                         = 1048576                                   {product} {ergonomic}
    uintx GCDrainStackTargetSize                   = 64                                        {product} {ergonomic}
   size_t InitialHeapSize                          = 132120576                                 {product} {ergonomic}
   size_t MarkStackSize                            = 4194304                                   {product} {ergonomic}
   size_t MaxHeapSize                              = 2105540608                                {product} {ergonomic}
   size_t MinHeapDeltaBytes                        = 1048576                                   {product} {ergonomic}
   size_t MinHeapSize                              = 8388608                                   {product} {ergonomic}
    uintx NonNMethodCodeHeapSize                   = 5832780                                {pd product} {ergonomic}
    uintx NonProfiledCodeHeapSize                  = 122912730                              {pd product} {ergonomic}
    uintx ProfiledCodeHeapSize                     = 122912730                              {pd product} {ergonomic}
    uintx ReservedCodeCacheSize                    = 251658240                              {pd product} {ergonomic}
     bool SegmentedCodeCache                       = true                                      {product} {ergonomic}
   size_t SoftMaxHeapSize                          = 2105540608                             {manageable} {ergonomic}
     bool UseCompressedClassPointers               = true                                 {lp64_product} {ergonomic}
     bool UseCompressedOops                        = true                                 {lp64_product} {ergonomic}
     bool UseG1GC                                  = true                                      {product} {ergonomic}
     bool UseLargePagesIndividualAllocation        = false                                  {pd product} {ergonomic}

Logging:
Log output configuration:
 #0: stdout all=warning uptime,level,tags
 #1: stderr all=off uptime,level,tags

Environment Variables:
PATH=D:\Program Files\Common Files\Oracle\Java\javapath;D:\Program Files (x86)\Common Files\Oracle\Java\javapath;C:\Program Files (x86)\Common Files\Oracle\Java\javapath;C:\Program Files (x86)\Intel\iCLS Client\;C:\Program Files\Intel\iCLS Client\;C:\Windows\system32;C:\Windows;C:\Windows\System32\Wbem;C:\Windows\System32\WindowsPowerShell\v1.0\;C:\Program Files (x86)\Intel\Intel(R) Management Engine Components\DAL;C:\Program Files\Intel\Intel(R) Management Engine Components\DAL;C:\Program Files (x86)\Intel\Intel(R) Management Engine Components\IPT;C:\Program Files\Intel\Intel(R) Management Engine Components\IPT;C:\Windows\system32;C:\Windows;C:\Windows\System32\Wbem;C:\Windows\System32\WindowsPowerShell\v1.0\;C:\Windows\System32\OpenSSH\;C:\Program Files (x86)\NVIDIA Corporation\PhysX\Common;;C:\Program Files\NVIDIA Corporation\NVIDIA NvDLISR;D:\Program Files\dotnet\;C:\Windows\system32\config\systemprofile\AppData\Local\Microsoft\WindowsApps;C:\Users\Samue\AppData\Roaming\Quest Software\vWorkspace Client\;C:\Users\Samue\AppData\Local\GitHubDesktop\bin;D:\Program Files\Microsoft VS Code\bin
USERNAME=Samuel
OS=Windows_NT
PROCESSOR_IDENTIFIER=Intel64 Family 6 Model 142 Stepping 9, GenuineIntel



---------------  S Y S T E M  ---------------

OS:
 Windows 10 , 64 bit Build 18362 (10.0.18362.1110)
OS uptime: 17 days 13:40 hours

CPU: total 4 (initial active 4) (2 cores per cpu, 2 threads per core) family 6 model 142 stepping 9 microcode 0xb4, cmov, cx8, fxsr, mmx, sse, sse2, sse3, ssse3, sse4.1, sse4.2, popcnt, vzeroupper, avx, avx2, aes, clmul, erms, 3dnowpref, lzcnt, ht, tsc, tscinvbit, bmi1, bmi2, adx, fma, clflush, clflushopt

Memory: 4k page, system-wide physical 8026M (397M free)
TotalPageFile size 19331M (AvailPageFile size 116M)
current process WorkingSet (physical memory assigned to process): 10M, peak: 10M
current process commit charge ("private bytes"): 52M, peak: 178M

vm_info: Java HotSpot(TM) 64-Bit Server VM (15.0.1+9-18) for windows-amd64 JRE (15.0.1+9-18), built on Sep 15 2020 14:43:54 by "mach5one" with unknown MS VC++:1925

END.
